<?xml version="1.0" encoding="UTF-8"?>
<!-- Generated by org.testng.reporters.JUnitXMLReporter -->
<testsuite hostname="Anbreens-MacBook-Air.local" ignored="0" name="Free CRM App Test Cases" tests="12" failures="0" timestamp="2019-12-28T23:09:20 GMT" time="97.379" errors="0">
  <testcase name="loginPageTitleTest" time="0.027" classname="com.crm.qa.testcases.LoginPageTest"/>
  <testcase name="crmLogoImageTest" time="0.095" classname="com.crm.qa.testcases.LoginPageTest"/>
  <testcase name="loginTest" time="4.933" classname="com.crm.qa.testcases.LoginPageTest"/>
  <testcase name="verifyHomePageTitleTest" time="0.007" classname="com.crm.qa.testcases.HomePageTest"/>
  <testcase name="verifyCorrectUserNameTest" time="0.088" classname="com.crm.qa.testcases.HomePageTest"/>
  <testcase name="clickOnContactsLinkTest" time="0.246" classname="com.crm.qa.testcases.HomePageTest"/>
  <testcase name="verifyContactsLabelTest" time="0.825" classname="com.crm.qa.testcases.ContactsPageTest"/>
  <testcase name="selectSingleContactsByNameTest" time="0.854" classname="com.crm.qa.testcases.ContactsPageTest"/>
  <testcase name="selectMutipleContactsByNameTest" time="1.265" classname="com.crm.qa.testcases.ContactsPageTest"/>
  <testcase name="validateCreateNewContactTest" time="2.429" classname="com.crm.qa.testcases.ContactsPageTest"/>
  <testcase name="validateCreateNewContactTest" time="2.537" classname="com.crm.qa.testcases.ContactsPageTest"/>
  <testcase name="validateCreateNewContactTest" time="2.156" classname="com.crm.qa.testcases.ContactsPageTest"/>
</testsuite> <!-- Free CRM App Test Cases -->
