<?xml version="1.0" encoding="UTF-8"?>
<!-- Generated by org.testng.reporters.JUnitXMLReporter -->
<testsuite hostname="Anbreens-MacBook-Air.local" ignored="0" name="Command line test" tests="3" failures="0" timestamp="29 Dec 2019 17:37:44 GMT" time="21.175" errors="0">
  <testcase name="verifyContactsLabelTest" time="0.848" classname="com.crm.qa.testcases.ContactsPageTest"/>
  <testcase name="verifyHomePageTitleTest" time="0.015" classname="com.crm.qa.testcases.HomePageTest"/>
  <testcase name="loginPageTitleTest" time="0.01" classname="com.crm.qa.testcases.LoginPageTest"/>
</testsuite> <!-- Command line test -->
