<?xml version="1.0" encoding="UTF-8"?>
<testng-results skipped="0" failed="0" ignored="0" total="3" passed="3">
  <reporter-output>
  </reporter-output>
  <suite name="Command line suite" duration-ms="21175" started-at="2019-12-29T17:37:18Z" finished-at="2019-12-29T17:37:39Z">
    <groups>
    </groups>
    <test name="Command line test" duration-ms="21175" started-at="2019-12-29T17:37:18Z" finished-at="2019-12-29T17:37:39Z">
      <class name="com.crm.qa.testcases.HomePageTest">
        <test-method status="PASS" signature="setUp()[pri:0, instance:com.crm.qa.testcases.HomePageTest@68837a77]" name="setUp" is-config="true" duration-ms="7662" started-at="2019-12-29T17:37:28Z" finished-at="2019-12-29T17:37:36Z">
          <reporter-output>
          </reporter-output>
        </test-method> <!-- setUp -->
        <test-method status="PASS" signature="verifyHomePageTitleTest()[pri:1, instance:com.crm.qa.testcases.HomePageTest@68837a77]" name="verifyHomePageTitleTest" duration-ms="15" started-at="2019-12-29T17:37:36Z" finished-at="2019-12-29T17:37:36Z">
          <reporter-output>
          </reporter-output>
        </test-method> <!-- verifyHomePageTitleTest -->
        <test-method status="PASS" signature="tearDown()[pri:0, instance:com.crm.qa.testcases.HomePageTest@68837a77]" name="tearDown" is-config="true" duration-ms="135" started-at="2019-12-29T17:37:36Z" finished-at="2019-12-29T17:37:36Z">
          <reporter-output>
          </reporter-output>
        </test-method> <!-- tearDown -->
      </class> <!-- com.crm.qa.testcases.HomePageTest -->
      <class name="com.crm.qa.testcases.ContactsPageTest">
        <test-method status="PASS" signature="setUp()[pri:0, instance:com.crm.qa.testcases.ContactsPageTest@2d554825]" name="setUp" is-config="true" duration-ms="8634" started-at="2019-12-29T17:37:18Z" finished-at="2019-12-29T17:37:27Z">
          <reporter-output>
          </reporter-output>
        </test-method> <!-- setUp -->
        <test-method status="PASS" signature="verifyContactsLabelTest()[pri:1, instance:com.crm.qa.testcases.ContactsPageTest@2d554825]" name="verifyContactsLabelTest" duration-ms="848" started-at="2019-12-29T17:37:27Z" finished-at="2019-12-29T17:37:28Z">
          <reporter-output>
          </reporter-output>
        </test-method> <!-- verifyContactsLabelTest -->
        <test-method status="PASS" signature="tearDown()[pri:0, instance:com.crm.qa.testcases.ContactsPageTest@2d554825]" name="tearDown" is-config="true" duration-ms="180" started-at="2019-12-29T17:37:28Z" finished-at="2019-12-29T17:37:28Z">
          <reporter-output>
          </reporter-output>
        </test-method> <!-- tearDown -->
      </class> <!-- com.crm.qa.testcases.ContactsPageTest -->
      <class name="com.crm.qa.testcases.LoginPageTest">
        <test-method status="PASS" signature="setUp()[pri:0, instance:com.crm.qa.testcases.LoginPageTest@6be46e8f]" name="setUp" is-config="true" duration-ms="3519" started-at="2019-12-29T17:37:36Z" finished-at="2019-12-29T17:37:39Z">
          <reporter-output>
          </reporter-output>
        </test-method> <!-- setUp -->
        <test-method status="PASS" signature="loginPageTitleTest()[pri:1, instance:com.crm.qa.testcases.LoginPageTest@6be46e8f]" name="loginPageTitleTest" duration-ms="10" started-at="2019-12-29T17:37:39Z" finished-at="2019-12-29T17:37:39Z">
          <reporter-output>
          </reporter-output>
        </test-method> <!-- loginPageTitleTest -->
        <test-method status="PASS" signature="tearDown()[pri:0, instance:com.crm.qa.testcases.LoginPageTest@6be46e8f]" name="tearDown" is-config="true" duration-ms="109" started-at="2019-12-29T17:37:39Z" finished-at="2019-12-29T17:37:39Z">
          <reporter-output>
          </reporter-output>
        </test-method> <!-- tearDown -->
      </class> <!-- com.crm.qa.testcases.LoginPageTest -->
    </test> <!-- Command line test -->
  </suite> <!-- Command line suite -->
</testng-results>
